0 info it worked if it ends with ok
1 verbose cli [ '/usr/local/Cellar/node/7.0.0/bin/node',
1 verbose cli   '/usr/local/bin/npm',
1 verbose cli   'run',
1 verbose cli   'client:start' ]
2 info using npm@3.10.8
3 info using node@v7.0.0
4 verbose run-script [ 'preclient:start', 'client:start', 'postclient:start' ]
5 info lifecycle frontend@1.0.0~preclient:start: frontend@1.0.0
6 silly lifecycle frontend@1.0.0~preclient:start: no script for preclient:start, continuing
7 info lifecycle frontend@1.0.0~client:start: frontend@1.0.0
8 verbose lifecycle frontend@1.0.0~client:start: unsafe-perm in lifecycle true
9 verbose lifecycle frontend@1.0.0~client:start: PATH: /usr/local/lib/node_modules/npm/bin/node-gyp-bin:/Users/alex/djcode/another_example_app/frontend/node_modules/.bin:/usr/local/lib/node_modules/npm/bin/node-gyp-bin:/Users/alex/djcode/another_example_app/frontend/node_modules/.bin:/usr/local/Cellar/node/7.0.0/bin:/Users/alex/anaconda/bin:/Users/alex/.rvm/gems/ruby-2.2.1/bin:/Users/alex/.rvm/gems/ruby-2.2.1@global/bin:/Users/alex/.rvm/rubies/ruby-2.2.1/bin:/Users/alex/.dnx/runtimes/dnx-mono.1.0.0-beta4/bin:/Users/alex/.cargo/bin:/Users/alex/.local/bin:/Users/alex/Library/Haskell/bin:node_modules/.bin:/usr/local/share/npm/bin:/usr/local/heroku/bin:/Users/alex/.rubies/ruby-2.2.0/bin:/Library/Frameworks/Python.framework/Versions/2.7/bin:/usr/local/bin:/Library/Frameworks/Python.framework/Versions/2.7/bin:/usr/local/bin:/usr/bin:/bin:/usr/sbin:/sbin:/opt/X11/bin:/Users/alex/.rvm/bin
10 verbose lifecycle frontend@1.0.0~client:start: CWD: /Users/alex/djcode/another_example_app/frontend
11 silly lifecycle frontend@1.0.0~client:start: Args: [ '-c', 'webpack -w' ]
12 silly lifecycle frontend@1.0.0~client:start: Returned: code: 1  signal: null
13 info lifecycle frontend@1.0.0~client:start: Failed to exec client:start script
14 verbose stack Error: frontend@1.0.0 client:start: `webpack -w`
14 verbose stack Exit status 1
14 verbose stack     at EventEmitter.<anonymous> (/usr/local/lib/node_modules/npm/lib/utils/lifecycle.js:255:16)
14 verbose stack     at emitTwo (events.js:106:13)
14 verbose stack     at EventEmitter.emit (events.js:191:7)
14 verbose stack     at ChildProcess.<anonymous> (/usr/local/lib/node_modules/npm/lib/utils/spawn.js:40:14)
14 verbose stack     at emitTwo (events.js:106:13)
14 verbose stack     at ChildProcess.emit (events.js:191:7)
14 verbose stack     at maybeClose (internal/child_process.js:877:16)
14 verbose stack     at Process.ChildProcess._handle.onexit (internal/child_process.js:226:5)
15 verbose pkgid frontend@1.0.0
16 verbose cwd /Users/alex/djcode/another_example_app/frontend
17 error Darwin 15.6.0
18 error argv "/usr/local/Cellar/node/7.0.0/bin/node" "/usr/local/bin/npm" "run" "client:start"
19 error node v7.0.0
20 error npm  v3.10.8
21 error code ELIFECYCLE
22 error frontend@1.0.0 client:start: `webpack -w`
22 error Exit status 1
23 error Failed at the frontend@1.0.0 client:start script 'webpack -w'.
23 error Make sure you have the latest version of node.js and npm installed.
23 error If you do, this is most likely a problem with the frontend package,
23 error not with npm itself.
23 error Tell the author that this fails on your system:
23 error     webpack -w
23 error You can get information on how to open an issue for this project with:
23 error     npm bugs frontend
23 error Or if that isn't available, you can get their info via:
23 error     npm owner ls frontend
23 error There is likely additional logging output above.
24 verbose exit [ 1, true ]
